2023-04-02 23:50:05.765228 - Initialized conversion of CBT371
2023-04-02 23:50:05.930372 - Received CBT.V504.FILE371.PDS from FILE371.XMI 
2023-04-02 23:50:05.931698 - Found ADMUSP6.bin containing application/octet-stream, moved to PDS/ADMUSP6
2023-04-02 23:50:05.933372 - Found ALLOCGDG.bin containing application/octet-stream, moved to PDS/ALLOCGDG
2023-04-02 23:50:05.934578 - Found CATBYVOL.bin containing application/octet-stream, moved to PDS/CATBYVOL
2023-04-02 23:50:05.935804 - Found CHKBLOCK.bin containing application/octet-stream, moved to PDS/CHKBLOCK
2023-04-02 23:50:05.936959 - Found CLRSPFIO.bin containing application/octet-stream, moved to PDS/CLRSPFIO
2023-04-02 23:50:05.938315 - Found CNTLCRT.bin containing application/octet-stream, moved to PDS/CNTLCRT
2023-04-02 23:50:05.939695 - Found CNV2GREG.bin containing application/octet-stream, moved to PDS/CNV2GREG
2023-04-02 23:50:05.940942 - Found COMMANDR.bin containing application/octet-stream, moved to PDS/COMMANDR
2023-04-02 23:50:05.942179 - Found CONCATEM.bin containing application/octet-stream, moved to PDS/CONCATEM
2023-04-02 23:50:05.943295 - Found CONVDATE.bin containing application/octet-stream, moved to PDS/CONVDATE
2023-04-02 23:50:05.944548 - Found CRY.bin containing application/octet-stream, moved to PDS/CRY
2023-04-02 23:50:05.945833 - Found DATASTAT.bin containing application/octet-stream, moved to PDS/DATASTAT
2023-04-02 23:50:05.946855 - Found DATE.bin containing application/octet-stream, moved to PDS/DATE
2023-04-02 23:50:05.947996 - Found DATECONV.bin containing application/octet-stream, moved to PDS/DATECONV
2023-04-02 23:50:05.949318 - Found DDNTODSN.bin containing application/octet-stream, moved to PDS/DDNTODSN
2023-04-02 23:50:05.950581 - Found DENQ.bin containing application/octet-stream, moved to PDS/DENQ
2023-04-02 23:50:05.951673 - Found DSNQ.bin containing application/octet-stream, moved to PDS/DSNQ
2023-04-02 23:50:05.952874 - Found DSNTAB.bin containing application/octet-stream, moved to PDS/DSNTAB
2023-04-02 23:50:05.954175 - Found DSTYPE.bin containing application/octet-stream, moved to PDS/DSTYPE
2023-04-02 23:50:05.955561 - Found ENQ2LOAD.bin containing application/octet-stream, moved to PDS/ENQ2LOAD
2023-04-02 23:50:05.956889 - Found FILEATTR.bin containing application/octet-stream, moved to PDS/FILEATTR
2023-04-02 23:50:05.958119 - Found FILEINFO.bin containing application/octet-stream, moved to PDS/FILEINFO
2023-04-02 23:50:05.959429 - Found FILESTAT.bin containing application/octet-stream, moved to PDS/FILESTAT
2023-04-02 23:50:05.960761 - Found FILEUSE.bin containing application/octet-stream, moved to PDS/FILEUSE
2023-04-02 23:50:05.962135 - Found FILSPACE.bin containing application/octet-stream, moved to PDS/FILSPACE
2023-04-02 23:50:05.963265 - Found FINDMEM.bin containing application/octet-stream, moved to PDS/FINDMEM
2023-04-02 23:50:05.964360 - Found FINDTTR.bin containing application/octet-stream, moved to PDS/FINDTTR
2023-04-02 23:50:05.965675 - Found FULLSCR3.bin containing application/octet-stream, moved to PDS/FULLSCR3
2023-04-02 23:50:05.966977 - Found GETDSCB1.bin containing application/octet-stream, moved to PDS/GETDSCB1
2023-04-02 23:50:05.968116 - Found HEXTRAN.bin containing application/octet-stream, moved to PDS/HEXTRAN
2023-04-02 23:50:05.969219 - Found IFALC.bin containing application/octet-stream, moved to PDS/IFALC
2023-04-02 23:50:05.970660 - Found IFCAT.bin containing application/octet-stream, moved to PDS/IFCAT
2023-04-02 23:50:05.972084 - Found IKJUPDT.bin containing application/octet-stream, moved to PDS/IKJUPDT
2023-04-02 23:50:05.973475 - Found INDEX.bin containing application/octet-stream, moved to PDS/INDEX
2023-04-02 23:50:05.974846 - Found INTRDR.bin containing application/octet-stream, moved to PDS/INTRDR
2023-04-02 23:50:05.976101 - Found ISPCDSN.bin containing application/octet-stream, moved to PDS/ISPCDSN
2023-04-02 23:50:05.977397 - Found ISPDPX.bin containing application/octet-stream, moved to PDS/ISPDPX
2023-04-02 23:50:05.978724 - Found JTOSCONV.bin containing application/octet-stream, moved to PDS/JTOSCONV
2023-04-02 23:50:05.980053 - Found JTOSDATE.bin containing application/octet-stream, moved to PDS/JTOSDATE
2023-04-02 23:50:05.981031 - Found KEYEX.bin containing application/octet-stream, moved to PDS/KEYEX
2023-04-02 23:50:05.982243 - Found KMDPARS.bin containing application/octet-stream, moved to PDS/KMDPARS
2023-04-02 23:50:05.983555 - Found LISTMEMS.bin containing application/octet-stream, moved to PDS/LISTMEMS
2023-04-02 23:50:05.984829 - Found LISTPDS.bin containing application/octet-stream, moved to PDS/LISTPDS
2023-04-02 23:50:05.985952 - Found LISTPDSO.bin containing application/octet-stream, moved to PDS/LISTPDSO
2023-04-02 23:50:05.986984 - Found LOADEXTR.bin containing application/octet-stream, moved to PDS/LOADEXTR
2023-04-02 23:50:05.988266 - Found LOADPRNT.bin containing application/octet-stream, moved to PDS/LOADPRNT
2023-04-02 23:50:05.989606 - Found LOCATE.bin containing application/octet-stream, moved to PDS/LOCATE
2023-04-02 23:50:05.990693 - Found LPRTQ.bin containing application/octet-stream, moved to PDS/LPRTQ
2023-04-02 23:50:05.991732 - Found MEMSTAT.bin containing application/octet-stream, moved to PDS/MEMSTAT
2023-04-02 23:50:05.992999 - Found NEWMWILE.bin containing application/octet-stream, moved to PDS/NEWMWILE
2023-04-02 23:50:05.994190 - Found NEWWAIT.bin containing application/octet-stream, moved to PDS/NEWWAIT
2023-04-02 23:50:05.995275 - Found NEXTGEN.bin containing application/octet-stream, moved to PDS/NEXTGEN
2023-04-02 23:50:05.996475 - Found OPERSCAN.bin containing application/octet-stream, moved to PDS/OPERSCAN
2023-04-02 23:50:05.997863 - Found PANLEXIT.bin containing application/octet-stream, moved to PDS/PANLEXIT
2023-04-02 23:50:05.999125 - Found PARMCNVS.bin containing application/octet-stream, moved to PDS/PARMCNVS
2023-04-02 23:50:06.000443 - Found PASSDEST.bin containing application/octet-stream, moved to PDS/PASSDEST
2023-04-02 23:50:06.001683 - Found PASSDSCB.bin containing application/octet-stream, moved to PDS/PASSDSCB
2023-04-02 23:50:06.003035 - Found PDSLOAD.bin containing application/octet-stream, moved to PDS/PDSLOAD
2023-04-02 23:50:06.004377 - Found PDSLOADO.bin containing application/octet-stream, moved to PDS/PDSLOADO
2023-04-02 23:50:06.005597 - Found PROGDQUE.bin containing application/octet-stream, moved to PDS/PROGDQUE
2023-04-02 23:50:06.006931 - Found P33PARM.bin containing application/octet-stream, moved to PDS/P33PARM
2023-04-02 23:50:06.008282 - Found RANDOM.bin containing application/octet-stream, moved to PDS/RANDOM
2023-04-02 23:50:06.009413 - Found RELSEQ.bin containing application/octet-stream, moved to PDS/RELSEQ
2023-04-02 23:50:06.010603 - Found REPROENQ.bin containing application/octet-stream, moved to PDS/REPROENQ
2023-04-02 23:50:06.011800 - Found RETJOBID.bin containing application/octet-stream, moved to PDS/RETJOBID
2023-04-02 23:50:06.012977 - Found RTSO.bin containing application/octet-stream, moved to PDS/RTSO
2023-04-02 23:50:06.014221 - Found SERLCONV.bin containing application/octet-stream, moved to PDS/SERLCONV
2023-04-02 23:50:06.015225 - Found SETVAR.bin containing application/octet-stream, moved to PDS/SETVAR
2023-04-02 23:50:06.016187 - Found SIMKOMM.bin containing application/octet-stream, moved to PDS/SIMKOMM
2023-04-02 23:50:06.017230 - Found SIMLKOMM.bin containing application/octet-stream, moved to PDS/SIMLKOMM
2023-04-02 23:50:06.018279 - Found SMF64EXT.bin containing application/octet-stream, moved to PDS/SMF64EXT
2023-04-02 23:50:06.019337 - Found SMF74MOD.bin containing application/octet-stream, moved to PDS/SMF74MOD
2023-04-02 23:50:06.020252 - Found SPF.bin containing application/octet-stream, moved to PDS/SPF
2023-04-02 23:50:06.021155 - Found SPFEXEC.bin containing application/octet-stream, moved to PDS/SPFEXEC
2023-04-02 23:50:06.022020 - Found STACK.bin containing application/octet-stream, moved to PDS/STACK
2023-04-02 23:50:06.023082 - Found STOJCONV.bin containing application/octet-stream, moved to PDS/STOJCONV
2023-04-02 23:50:06.024161 - Found STOJDATE.bin containing application/octet-stream, moved to PDS/STOJDATE
2023-04-02 23:50:06.025247 - Found SUBEX.bin containing application/octet-stream, moved to PDS/SUBEX
2023-04-02 23:50:06.026336 - Found SYSOUT.bin containing application/octet-stream, moved to PDS/SYSOUT
2023-04-02 23:50:06.027802 - Found TASKMON.bin containing application/octet-stream, moved to PDS/TASKMON
2023-04-02 23:50:06.028860 - Found TBLHNDLR.bin containing application/octet-stream, moved to PDS/TBLHNDLR
2023-04-02 23:50:06.029863 - Found TERMTYPE.bin containing application/octet-stream, moved to PDS/TERMTYPE
2023-04-02 23:50:06.030834 - Found TIMECOND.bin containing application/octet-stream, moved to PDS/TIMECOND
2023-04-02 23:50:06.031884 - Found TIMEDATE.bin containing application/octet-stream, moved to PDS/TIMEDATE
2023-04-02 23:50:06.032861 - Found UCBMAP.bin containing application/octet-stream, moved to PDS/UCBMAP
2023-04-02 23:50:06.033762 - Found U3011195.bin containing application/octet-stream, moved to PDS/U3011195
2023-04-02 23:50:06.034827 - Found U3511195.bin containing application/octet-stream, moved to PDS/U3511195
2023-04-02 23:50:06.035997 - Found VOL2DEVT.bin containing application/octet-stream, moved to PDS/VOL2DEVT
2023-04-02 23:50:06.037003 - Found VSAMSCAN.bin containing application/octet-stream, moved to PDS/VSAMSCAN
2023-04-02 23:50:06.037928 - Found WATDSN.bin containing application/octet-stream, moved to PDS/WATDSN
2023-04-02 23:50:06.038873 - Found WHATDSN.bin containing application/octet-stream, moved to PDS/WHATDSN
2023-04-02 23:50:06.040180 - Found WTLPARM.bin containing application/octet-stream, moved to PDS/WTLPARM
2023-04-02 23:50:06.041264 - Found WTOPARM.bin containing application/octet-stream, moved to PDS/WTOPARM
2023-04-02 23:50:06.042394 - Found WTORCOND.bin containing application/octet-stream, moved to PDS/WTORCOND
2023-04-02 23:50:06.043650 - No @FILExxx or @FILxxxx detected, creating README.md without extra info
